Using pre-set license

 COMMAND LINE ARGUMENTS:
/Applications/Unity/Hub/Editor/2020.3.0f1/Unity.app/Contents/MacOS/Unity
-adb2
-batchMode
-noUpm
-name
AssetImportWorker0
-projectPath
/Users/reginhurleydavid/Documents/Unity Projects/Code Project Generator
-logFile
Logs/AssetImportWorker0.log
-srvPort
49657
Successfully changed project path to: /Users/reginhurleydavid/Documents/Unity Projects/Code Project Generator
/Users/reginhurleydavid/Documents/Unity Projects/Code Project Generator
Using Asset Import Pipeline V2.
Refreshing native plugins compatible for Editor in 31.38 ms, found 1 plugins.
Preloading 0 native plugins for Editor in 0.00 ms.
Initialize engine version: 2020.3.0f1 (c7b5465681fb)
[Subsystems] Discovering subsystems at path /Applications/Unity/Hub/Editor/2020.3.0f1/Unity.app/Contents/Resources/UnitySubsystems
[Subsystems] Discovering subsystems at path /Users/reginhurleydavid/Documents/Unity Projects/Code Project Generator/Assets
GfxDevice: creating device client; threaded=0
2021-05-17 22:35:54.993 Unity[1336:29800] Color LCD preferred device: Intel(R) Iris(TM) Plus Graphics (low power)
2021-05-17 22:35:54.993 Unity[1336:29800] Metal devices available: 1
2021-05-17 22:35:54.993 Unity[1336:29800] 0: Intel(R) Iris(TM) Plus Graphics (low power)
2021-05-17 22:35:54.993 Unity[1336:29800] Using device Intel(R) Iris(TM) Plus Graphics (low power)
Initializing Metal device caps: Intel(R) Iris(TM) Plus Graphics
Initialize mono
Mono path[0] = '/Applications/Unity/Hub/Editor/2020.3.0f1/Unity.app/Contents/Managed'
Mono path[1] = '/Applications/Unity/Hub/Editor/2020.3.0f1/Unity.app/Contents/MonoBleedingEdge/lib/mono/unityjit'
Mono config path = '/Applications/Unity/Hub/Editor/2020.3.0f1/Unity.app/Contents/MonoBleedingEdge/etc'
Using monoOptions --debugger-agent=transport=dt_socket,embedding=1,server=y,suspend=n,address=127.0.0.1:56336
Begin MonoManager ReloadAssembly
Registering precompiled unity dll's ...
Register platform support module: /Applications/Unity/Hub/Editor/2020.3.0f1/PlaybackEngines/WebGLSupport/UnityEditor.WebGL.Extensions.dll
Register platform support module: /Applications/Unity/Hub/Editor/2020.3.0f1/Unity.app/Contents/PlaybackEngines/MacStandaloneSupport/UnityEditor.OSXStandalone.Extensions.dll
Register platform support module: /Applications/Unity/Hub/Editor/2020.3.0f1/PlaybackEngines/WindowsStandaloneSupport/UnityEditor.WindowsStandalone.Extensions.dll
Registered in 0.005344 seconds.
Native extension for WindowsStandalone target not found
Native extension for OSXStandalone target not found
Native extension for WebGL target not found
Refreshing native plugins compatible for Editor in 24.77 ms, found 1 plugins.
Preloading 0 native plugins for Editor in 0.00 ms.
Invoked RoslynAnalysisRunner static constructor.
RoslynAnalysisRunner will not be running.
RoslynAnalysisRunner has terminated.
Mono: successfully reloaded assembly
- Completed reload, in  4.349 seconds
Platform modules already initialized, skipping
Registering precompiled user dll's ...
Registered in 0.001322 seconds.
Begin MonoManager ReloadAssembly
Native extension for WindowsStandalone target not found
Native extension for OSXStandalone target not found
Native extension for WebGL target not found
Refreshing native plugins compatible for Editor in 0.30 ms, found 1 plugins.
Preloading 0 native plugins for Editor in 0.00 ms.
Invoked RoslynAnalysisRunner static constructor.
RoslynAnalysisRunner will not be running.
RoslynAnalysisRunner has terminated.
Mono: successfully reloaded assembly
- Completed reload, in  1.041 seconds
Platform modules already initialized, skipping
========================================================================
Worker process is ready to serve import requests
Launching external process: /Applications/Unity/Hub/Editor/2020.3.0f1/Unity.app/Contents/Tools/UnityShaderCompiler
Launched and connected shader compiler UnityShaderCompiler after 0.01 seconds
Refreshing native plugins compatible for Editor in 0.21 ms, found 1 plugins.
Preloading 0 native plugins for Editor in 0.00 ms.
Unloading 1126 Unused Serialized files (Serialized files now loaded: 0)
System memory in use before: 116.3 MB.
System memory in use after: 116.4 MB.

Unloading 10 unused Assets to reduce memory usage. Loaded Objects now: 1569.
Total: 2.212853 ms (FindLiveObjects: 0.191799 ms CreateObjectMapping: 0.054537 ms MarkObjects: 1.852420 ms  DeleteObjects: 0.112029 ms)

========================================================================
Received Import Request.
  path: Assets/Transparent Icon.png
  artifactKey: Guid(e8e907da05fd14dec96836d66d6a2cf6) Importer(815301076,1909f56bfc062723c751e8b465ee728b)
Start importing Assets/Transparent Icon.png using Guid(e8e907da05fd14dec96836d66d6a2cf6) Importer(815301076,1909f56bfc062723c751e8b465ee728b)  -> (artifact id: 'c7f4f87e57656c0aa0ec734ee1ad8de2') in 1.295057 seconds
  Import took 1.297985 seconds .

========================================================================
Received Import Request.
  Time since last request: 0.000375 seconds.
  path: Assets/Transparent Icon.png
  artifactKey: Guid(e8e907da05fd14dec96836d66d6a2cf6) Importer(815301076,1909f56bfc062723c751e8b465ee728b)
Start importing Assets/Transparent Icon.png using Guid(e8e907da05fd14dec96836d66d6a2cf6) Importer(815301076,1909f56bfc062723c751e8b465ee728b)  -> (artifact id: '095170f505ef7f02670aa3557beb09ae') in 0.050726 seconds
  Import took 0.053104 seconds .

========================================================================
Received Import Request.
  Time since last request: 66.756464 seconds.
  path: Assets/HD Glowing Buildings.png
  artifactKey: Guid(191b43ed1ad4e4889af82d84743aff18) Importer(815301076,1909f56bfc062723c751e8b465ee728b)
Start importing Assets/HD Glowing Buildings.png using Guid(191b43ed1ad4e4889af82d84743aff18) Importer(815301076,1909f56bfc062723c751e8b465ee728b)  -> (artifact id: 'e3abffee51f09da97d0326e66d69aa6e') in 0.013198 seconds
  Import took 0.017175 seconds .

========================================================================
Received Import Request.
  Time since last request: 0.054922 seconds.
  path: Assets/HD Glowing Buildings.png
  artifactKey: Guid(191b43ed1ad4e4889af82d84743aff18) Importer(815301076,1909f56bfc062723c751e8b465ee728b)
Start importing Assets/HD Glowing Buildings.png using Guid(191b43ed1ad4e4889af82d84743aff18) Importer(815301076,1909f56bfc062723c751e8b465ee728b)  -> (artifact id: 'e3abffee51f09da97d0326e66d69aa6e') in 0.019612 seconds
  Import took 0.024715 seconds .

========================================================================
Received Import Request.
  Time since last request: 9.999649 seconds.
  path: Assets/HD Glowing Buildings.png
  artifactKey: Guid(191b43ed1ad4e4889af82d84743aff18) Importer(815301076,1909f56bfc062723c751e8b465ee728b)
Start importing Assets/HD Glowing Buildings.png using Guid(191b43ed1ad4e4889af82d84743aff18) Importer(815301076,1909f56bfc062723c751e8b465ee728b)  -> (artifact id: 'a0901d951408aefa95edc1ad513b5633') in 0.027623 seconds
  Import took 0.031655 seconds .

========================================================================
Received Import Request.
  Time since last request: 416.858940 seconds.
  path: Assets
  artifactKey: Guid(00000000000000001000000000000000) Importer(815301076,1909f56bfc062723c751e8b465ee728b)
Start importing Assets using Guid(00000000000000001000000000000000) Importer(815301076,1909f56bfc062723c751e8b465ee728b)  -> (artifact id: '42baae205c97e3337697759514652acd') in 0.006098 seconds
  Import took 0.032683 seconds .

========================================================================
Received Import Request.
  Time since last request: 8.541652 seconds.
  path: Assets/Blank Logo.png
  artifactKey: Guid(5c34ef6c5943e405a8ff70ea82640d29) Importer(815301076,1909f56bfc062723c751e8b465ee728b)
Start importing Assets/Blank Logo.png using Guid(5c34ef6c5943e405a8ff70ea82640d29) Importer(815301076,1909f56bfc062723c751e8b465ee728b)  -> (artifact id: 'a6bc5bf842d9c7524321a374788094fe') in 0.046644 seconds
  Import took 0.049908 seconds .

========================================================================
Received Import Request.
  Time since last request: 0.023392 seconds.
  path: Assets/Blank Logo.png
  artifactKey: Guid(5c34ef6c5943e405a8ff70ea82640d29) Importer(815301076,1909f56bfc062723c751e8b465ee728b)
Start importing Assets/Blank Logo.png using Guid(5c34ef6c5943e405a8ff70ea82640d29) Importer(815301076,1909f56bfc062723c751e8b465ee728b)  -> (artifact id: 'a6bc5bf842d9c7524321a374788094fe') in 0.014566 seconds
  Import took 0.018151 seconds .

========================================================================
Received Import Request.
  Time since last request: 16.900447 seconds.
  path: Assets/Blank Logo.png
  artifactKey: Guid(5c34ef6c5943e405a8ff70ea82640d29) Importer(815301076,1909f56bfc062723c751e8b465ee728b)
Start importing Assets/Blank Logo.png using Guid(5c34ef6c5943e405a8ff70ea82640d29) Importer(815301076,1909f56bfc062723c751e8b465ee728b)  -> (artifact id: '64855c88ff12b126b66cbdd10ebfb1ff') in 0.023670 seconds
  Import took 0.027598 seconds .

========================================================================
Received Import Request.
  Time since last request: 168.083378 seconds.
  path: Assets/Scripts
  artifactKey: Guid(4490491d6d9cd4dbc8e4acc56a9820ee) Importer(815301076,1909f56bfc062723c751e8b465ee728b)
Start importing Assets/Scripts using Guid(4490491d6d9cd4dbc8e4acc56a9820ee) Importer(815301076,1909f56bfc062723c751e8b465ee728b)  -> (artifact id: 'dbefe4d64c06d827294dc23f141a5c5d') in 0.002960 seconds
  Import took 0.007491 seconds .

========================================================================
Received Import Request.
  Time since last request: 16.690508 seconds.
  path: Assets/Scripts/GenerateCode.cs
  artifactKey: Guid(cac98585fca6a484e88e466d971a2ace) Importer(815301076,1909f56bfc062723c751e8b465ee728b)
Start importing Assets/Scripts/GenerateCode.cs using Guid(cac98585fca6a484e88e466d971a2ace) Importer(815301076,1909f56bfc062723c751e8b465ee728b)  -> (artifact id: '72f71e44e660c86f76674ed965a6fa58') in 2.447239 seconds
  Import took 2.450249 seconds .

========================================================================
Received Prepare
Registering precompiled user dll's ...
Registered in 0.000631 seconds.
Begin MonoManager ReloadAssembly
Native extension for WindowsStandalone target not found
Native extension for OSXStandalone target not found
Native extension for WebGL target not found
Refreshing native plugins compatible for Editor in 0.25 ms, found 1 plugins.
Preloading 0 native plugins for Editor in 0.00 ms.
Invoked RoslynAnalysisRunner static constructor.
RoslynAnalysisRunner will not be running.
RoslynAnalysisRunner has terminated.
Mono: successfully reloaded assembly
- Completed reload, in  1.320 seconds
Platform modules already initialized, skipping
Refreshing native plugins compatible for Editor in 0.19 ms, found 1 plugins.
Preloading 0 native plugins for Editor in 0.00 ms.
Unloading 1109 Unused Serialized files (Serialized files now loaded: 0)
System memory in use before: 127.8 MB.
System memory in use after: 127.9 MB.

Unloading 5 unused Assets to reduce memory usage. Loaded Objects now: 1582.
Total: 1.604842 ms (FindLiveObjects: 0.172350 ms CreateObjectMapping: 0.032652 ms MarkObjects: 1.331280 ms  DeleteObjects: 0.067200 ms)

========================================================================
Received Prepare
Registering precompiled user dll's ...
Registered in 0.000438 seconds.
Begin MonoManager ReloadAssembly
Native extension for WindowsStandalone target not found
Native extension for OSXStandalone target not found
Native extension for WebGL target not found
Refreshing native plugins compatible for Editor in 0.22 ms, found 1 plugins.
Preloading 0 native plugins for Editor in 0.00 ms.
Invoked RoslynAnalysisRunner static constructor.
RoslynAnalysisRunner will not be running.
RoslynAnalysisRunner has terminated.
Mono: successfully reloaded assembly
- Completed reload, in  0.960 seconds
Platform modules already initialized, skipping
Refreshing native plugins compatible for Editor in 0.18 ms, found 1 plugins.
Preloading 0 native plugins for Editor in 0.00 ms.
Unloading 1109 Unused Serialized files (Serialized files now loaded: 0)
System memory in use before: 128.1 MB.
System memory in use after: 128.1 MB.

Unloading 5 unused Assets to reduce memory usage. Loaded Objects now: 1585.
Total: 1.902880 ms (FindLiveObjects: 0.206841 ms CreateObjectMapping: 0.088143 ms MarkObjects: 1.535165 ms  DeleteObjects: 0.071632 ms)

========================================================================
Received Import Request.
  Time since last request: 831.617042 seconds.
  path: Assets/Scripts/GenerateCode.cs
  artifactKey: Guid(cac98585fca6a484e88e466d971a2ace) Importer(815301076,1909f56bfc062723c751e8b465ee728b)
Start importing Assets/Scripts/GenerateCode.cs using Guid(cac98585fca6a484e88e466d971a2ace) Importer(815301076,1909f56bfc062723c751e8b465ee728b)  -> (artifact id: '56d7de2102be7e4cec383f4bd8005f05') in 0.015040 seconds
  Import took 0.017920 seconds .

========================================================================
Received Prepare
Registering precompiled user dll's ...
Registered in 0.000761 seconds.
Begin MonoManager ReloadAssembly
Native extension for WindowsStandalone target not found
Native extension for OSXStandalone target not found
Native extension for WebGL target not found
Refreshing native plugins compatible for Editor in 0.49 ms, found 1 plugins.
Preloading 0 native plugins for Editor in 0.00 ms.
Invoked RoslynAnalysisRunner static constructor.
RoslynAnalysisRunner will not be running.
RoslynAnalysisRunner has terminated.
Mono: successfully reloaded assembly
- Completed reload, in  1.741 seconds
Platform modules already initialized, skipping
Refreshing native plugins compatible for Editor in 0.41 ms, found 1 plugins.
Preloading 0 native plugins for Editor in 0.00 ms.
Unloading 1109 Unused Serialized files (Serialized files now loaded: 0)
System memory in use before: 128.2 MB.
System memory in use after: 128.2 MB.

Unloading 5 unused Assets to reduce memory usage. Loaded Objects now: 1588.
Total: 5.329734 ms (FindLiveObjects: 0.829092 ms CreateObjectMapping: 0.369827 ms MarkObjects: 3.686215 ms  DeleteObjects: 0.437583 ms)

========================================================================
Received Prepare
Registering precompiled user dll's ...
Registered in 0.000351 seconds.
Begin MonoManager ReloadAssembly
Native extension for WindowsStandalone target not found
Native extension for OSXStandalone target not found
Native extension for WebGL target not found
Refreshing native plugins compatible for Editor in 0.21 ms, found 1 plugins.
Preloading 0 native plugins for Editor in 0.00 ms.
Invoked RoslynAnalysisRunner static constructor.
RoslynAnalysisRunner will not be running.
RoslynAnalysisRunner has terminated.
Mono: successfully reloaded assembly
- Completed reload, in  0.902 seconds
Platform modules already initialized, skipping
Refreshing native plugins compatible for Editor in 0.21 ms, found 1 plugins.
Preloading 0 native plugins for Editor in 0.00 ms.
Unloading 1109 Unused Serialized files (Serialized files now loaded: 0)
System memory in use before: 128.4 MB.
System memory in use after: 128.4 MB.

Unloading 5 unused Assets to reduce memory usage. Loaded Objects now: 1591.
Total: 1.488727 ms (FindLiveObjects: 0.128486 ms CreateObjectMapping: 0.034455 ms MarkObjects: 1.268852 ms  DeleteObjects: 0.055734 ms)

========================================================================
Received Prepare
Registering precompiled user dll's ...
Registered in 0.001950 seconds.
Begin MonoManager ReloadAssembly
Native extension for WindowsStandalone target not found
Native extension for OSXStandalone target not found
Native extension for WebGL target not found
Refreshing native plugins compatible for Editor in 0.23 ms, found 1 plugins.
Preloading 0 native plugins for Editor in 0.00 ms.
Invoked RoslynAnalysisRunner static constructor.
RoslynAnalysisRunner will not be running.
RoslynAnalysisRunner has terminated.
Mono: successfully reloaded assembly
- Completed reload, in  1.877 seconds
Platform modules already initialized, skipping
Refreshing native plugins compatible for Editor in 0.19 ms, found 1 plugins.
Preloading 0 native plugins for Editor in 0.00 ms.
Unloading 1109 Unused Serialized files (Serialized files now loaded: 0)
System memory in use before: 128.6 MB.
System memory in use after: 128.7 MB.

Unloading 5 unused Assets to reduce memory usage. Loaded Objects now: 1594.
Total: 2.022552 ms (FindLiveObjects: 0.210559 ms CreateObjectMapping: 0.048897 ms MarkObjects: 1.639880 ms  DeleteObjects: 0.121655 ms)

========================================================================
Received Prepare
Registering precompiled user dll's ...
Registered in 0.000490 seconds.
Begin MonoManager ReloadAssembly
Native extension for WindowsStandalone target not found
Native extension for OSXStandalone target not found
Native extension for WebGL target not found
Refreshing native plugins compatible for Editor in 0.35 ms, found 1 plugins.
Preloading 0 native plugins for Editor in 0.00 ms.
Invoked RoslynAnalysisRunner static constructor.
RoslynAnalysisRunner will not be running.
RoslynAnalysisRunner has terminated.
Mono: successfully reloaded assembly
- Completed reload, in  1.387 seconds
Platform modules already initialized, skipping
Refreshing native plugins compatible for Editor in 0.21 ms, found 1 plugins.
Preloading 0 native plugins for Editor in 0.00 ms.
Unloading 1109 Unused Serialized files (Serialized files now loaded: 0)
System memory in use before: 128.7 MB.
System memory in use after: 128.8 MB.

Unloading 5 unused Assets to reduce memory usage. Loaded Objects now: 1597.
Total: 2.123434 ms (FindLiveObjects: 0.177245 ms CreateObjectMapping: 0.041098 ms MarkObjects: 1.829398 ms  DeleteObjects: 0.074104 ms)

========================================================================
Received Prepare
Registering precompiled user dll's ...
Registered in 0.000593 seconds.
Begin MonoManager ReloadAssembly
Native extension for WindowsStandalone target not found
Native extension for OSXStandalone target not found
Native extension for WebGL target not found
Refreshing native plugins compatible for Editor in 0.24 ms, found 1 plugins.
Preloading 0 native plugins for Editor in 0.00 ms.
Invoked RoslynAnalysisRunner static constructor.
RoslynAnalysisRunner will not be running.
RoslynAnalysisRunner has terminated.
Mono: successfully reloaded assembly
- Completed reload, in  1.430 seconds
Platform modules already initialized, skipping
Refreshing native plugins compatible for Editor in 0.22 ms, found 1 plugins.
Preloading 0 native plugins for Editor in 0.00 ms.
Unloading 1109 Unused Serialized files (Serialized files now loaded: 0)
System memory in use before: 129.0 MB.
System memory in use after: 129.0 MB.

Unloading 5 unused Assets to reduce memory usage. Loaded Objects now: 1600.
Total: 1.672285 ms (FindLiveObjects: 0.196456 ms CreateObjectMapping: 0.041620 ms MarkObjects: 1.374238 ms  DeleteObjects: 0.058528 ms)

========================================================================
Received Prepare
Registering precompiled user dll's ...
Registered in 0.000497 seconds.
Begin MonoManager ReloadAssembly
Native extension for WindowsStandalone target not found
Native extension for OSXStandalone target not found
Native extension for WebGL target not found
Refreshing native plugins compatible for Editor in 0.26 ms, found 1 plugins.
Preloading 0 native plugins for Editor in 0.00 ms.
Invoked RoslynAnalysisRunner static constructor.
RoslynAnalysisRunner will not be running.
RoslynAnalysisRunner has terminated.
Mono: successfully reloaded assembly
- Completed reload, in  1.922 seconds
Platform modules already initialized, skipping
Refreshing native plugins compatible for Editor in 0.26 ms, found 1 plugins.
Preloading 0 native plugins for Editor in 0.00 ms.
Unloading 1109 Unused Serialized files (Serialized files now loaded: 0)
System memory in use before: 129.2 MB.
System memory in use after: 129.2 MB.

Unloading 5 unused Assets to reduce memory usage. Loaded Objects now: 1603.
Total: 4.586434 ms (FindLiveObjects: 0.456564 ms CreateObjectMapping: 0.132320 ms MarkObjects: 3.869280 ms  DeleteObjects: 0.126065 ms)

========================================================================
Received Prepare
Registering precompiled user dll's ...
Registered in 0.000780 seconds.
Begin MonoManager ReloadAssembly
Native extension for WindowsStandalone target not found
Native extension for OSXStandalone target not found
Native extension for WebGL target not found
Refreshing native plugins compatible for Editor in 0.62 ms, found 1 plugins.
Preloading 0 native plugins for Editor in 0.00 ms.
Invoked RoslynAnalysisRunner static constructor.
RoslynAnalysisRunner will not be running.
RoslynAnalysisRunner has terminated.
Mono: successfully reloaded assembly
- Completed reload, in  3.526 seconds
Platform modules already initialized, skipping
Refreshing native plugins compatible for Editor in 0.59 ms, found 1 plugins.
Preloading 0 native plugins for Editor in 0.00 ms.
Unloading 1109 Unused Serialized files (Serialized files now loaded: 0)
System memory in use before: 129.3 MB.
System memory in use after: 129.4 MB.

Unloading 5 unused Assets to reduce memory usage. Loaded Objects now: 1606.
Total: 5.906023 ms (FindLiveObjects: 0.358489 ms CreateObjectMapping: 0.076842 ms MarkObjects: 5.073073 ms  DeleteObjects: 0.392231 ms)

========================================================================
Received Prepare
Registering precompiled user dll's ...
Registered in 0.000659 seconds.
Begin MonoManager ReloadAssembly
Native extension for WindowsStandalone target not found
Native extension for OSXStandalone target not found
Native extension for WebGL target not found
Refreshing native plugins compatible for Editor in 0.43 ms, found 1 plugins.
Preloading 0 native plugins for Editor in 0.00 ms.
Invoked RoslynAnalysisRunner static constructor.
RoslynAnalysisRunner will not be running.
RoslynAnalysisRunner has terminated.
Mono: successfully reloaded assembly
- Completed reload, in  2.514 seconds
Platform modules already initialized, skipping
Refreshing native plugins compatible for Editor in 0.40 ms, found 1 plugins.
Preloading 0 native plugins for Editor in 0.00 ms.
Unloading 1109 Unused Serialized files (Serialized files now loaded: 0)
System memory in use before: 129.5 MB.
System memory in use after: 129.5 MB.

Unloading 5 unused Assets to reduce memory usage. Loaded Objects now: 1609.
Total: 3.455140 ms (FindLiveObjects: 0.349905 ms CreateObjectMapping: 0.114464 ms MarkObjects: 2.736215 ms  DeleteObjects: 0.249118 ms)

========================================================================
Received Prepare
Registering precompiled user dll's ...
Registered in 0.000498 seconds.
Begin MonoManager ReloadAssembly
Native extension for WindowsStandalone target not found
Native extension for OSXStandalone target not found
Native extension for WebGL target not found
Refreshing native plugins compatible for Editor in 0.25 ms, found 1 plugins.
Preloading 0 native plugins for Editor in 0.00 ms.
Invoked RoslynAnalysisRunner static constructor.
RoslynAnalysisRunner will not be running.
RoslynAnalysisRunner has terminated.
Mono: successfully reloaded assembly
- Completed reload, in  1.159 seconds
Platform modules already initialized, skipping
Refreshing native plugins compatible for Editor in 0.22 ms, found 1 plugins.
Preloading 0 native plugins for Editor in 0.00 ms.
Unloading 1109 Unused Serialized files (Serialized files now loaded: 0)
System memory in use before: 129.7 MB.
System memory in use after: 129.8 MB.

Unloading 5 unused Assets to reduce memory usage. Loaded Objects now: 1612.
Total: 1.964599 ms (FindLiveObjects: 0.152251 ms CreateObjectMapping: 0.040810 ms MarkObjects: 1.697995 ms  DeleteObjects: 0.072251 ms)

========================================================================
Received Prepare
Registering precompiled user dll's ...
Registered in 0.000438 seconds.
Begin MonoManager ReloadAssembly
Native extension for WindowsStandalone target not found
Native extension for OSXStandalone target not found
Native extension for WebGL target not found
Refreshing native plugins compatible for Editor in 0.47 ms, found 1 plugins.
Preloading 0 native plugins for Editor in 0.00 ms.
Invoked RoslynAnalysisRunner static constructor.
RoslynAnalysisRunner will not be running.
RoslynAnalysisRunner has terminated.
Mono: successfully reloaded assembly
- Completed reload, in  2.065 seconds
Platform modules already initialized, skipping
Refreshing native plugins compatible for Editor in 0.53 ms, found 1 plugins.
Preloading 0 native plugins for Editor in 0.00 ms.
Unloading 1109 Unused Serialized files (Serialized files now loaded: 0)
System memory in use before: 129.9 MB.
System memory in use after: 129.9 MB.

Unloading 5 unused Assets to reduce memory usage. Loaded Objects now: 1615.
Total: 4.020805 ms (FindLiveObjects: 1.197526 ms CreateObjectMapping: 0.153324 ms MarkObjects: 2.554279 ms  DeleteObjects: 0.109704 ms)

========================================================================
Received Prepare
Registering precompiled user dll's ...
Registered in 0.000564 seconds.
Begin MonoManager ReloadAssembly
Native extension for WindowsStandalone target not found
Native extension for OSXStandalone target not found
Native extension for WebGL target not found
Refreshing native plugins compatible for Editor in 0.73 ms, found 1 plugins.
Preloading 0 native plugins for Editor in 0.00 ms.
Invoked RoslynAnalysisRunner static constructor.
RoslynAnalysisRunner will not be running.
RoslynAnalysisRunner has terminated.
Mono: successfully reloaded assembly
- Completed reload, in  2.116 seconds
Platform modules already initialized, skipping
Refreshing native plugins compatible for Editor in 0.21 ms, found 1 plugins.
Preloading 0 native plugins for Editor in 0.00 ms.
Unloading 1109 Unused Serialized files (Serialized files now loaded: 0)
System memory in use before: 130.1 MB.
System memory in use after: 130.2 MB.

Unloading 5 unused Assets to reduce memory usage. Loaded Objects now: 1618.
Total: 3.129148 ms (FindLiveObjects: 0.439954 ms CreateObjectMapping: 0.102179 ms MarkObjects: 2.430807 ms  DeleteObjects: 0.152264 ms)

